/var/archivematica/sharedDirectory/currentlyProcessing/Images2-1a453000-835c-4b42-a264-62f76f5bf033/objects/More images/Landing zone.jpg
Nothing to do
/var/archivematica/sharedDirectory/currentlyProcessing/Images2-1a453000-835c-4b42-a264-62f76f5bf033/objects/799px-Euroleague-LE Roma vs Toulouse IC-27.bmp
Nothing to do
/var/archivematica/sharedDirectory/currentlyProcessing/Images2-1a453000-835c-4b42-a264-62f76f5bf033/objects/G31DS.TIF
Nothing to do
/var/archivematica/sharedDirectory/currentlyProcessing/Images2-1a453000-835c-4b42-a264-62f76f5bf033/objects/WFPC01.GIF
Nothing to do
/var/archivematica/sharedDirectory/currentlyProcessing/Images2-1a453000-835c-4b42-a264-62f76f5bf033/objects/lion.svg
Nothing to do
/var/archivematica/sharedDirectory/currentlyProcessing/Images2-1a453000-835c-4b42-a264-62f76f5bf033/objects/Nemastylis_geminiflora_Flower.PNG
Nothing to do
/var/archivematica/sharedDirectory/currentlyProcessing/Images2-1a453000-835c-4b42-a264-62f76f5bf033/objects/BBhelmet.ai
Nothing to do
/var/archivematica/sharedDirectory/currentlyProcessing/Images2-1a453000-835c-4b42-a264-62f76f5bf033/objects/oakland03.jp2
Nothing to do
/var/archivematica/sharedDirectory/currentlyProcessing/Images2-1a453000-835c-4b42-a264-62f76f5bf033/objects/More images/MARBLES.TGA
Nothing to do
/var/archivematica/sharedDirectory/currentlyProcessing/Images2-1a453000-835c-4b42-a264-62f76f5bf033/objects/Vector.NET-Free-Vector-Art-Pack-28-Freedom-Flight.eps
Nothing to do
